<?xml version="1.0" encoding="UTF-8"?>
<!-- Generated by org.testng.reporters.JUnitReportReporter -->
<testsuite hostname="DESKTOP-JJ8PCSV" failures="0" tests="5" name="carrentaltests.Pr01VerifyPages" time="10.101" errors="0" timestamp="2023-03-08T23:47:41 IST" skipped="0">
  <testcase classname="carrentaltests.Pr01VerifyPages" name="verifyFAQsPage" time="2.164"/>
  <system-out/>
  <testcase classname="carrentaltests.Pr01VerifyPages" name="verifyContactUsPage" time="2.142"/>
  <system-out/>
  <testcase classname="carrentaltests.Pr01VerifyPages" name="verifyHomePage" time="1.828"/>
  <system-out/>
  <testcase classname="carrentaltests.Pr01VerifyPages" name="verifyAboutUsPage" time="1.921"/>
  <system-out/>
  <testcase classname="carrentaltests.Pr01VerifyPages" name="verifyCarListingPage" time="2.046"/>
  <system-out/>
</testsuite> <!-- carrentaltests.Pr01VerifyPages -->
