<?xml version="1.0" encoding="UTF-8"?>
<!-- Generated by org.testng.reporters.JUnitReportReporter -->
<testsuite hostname="DESKTOP-JJ8PCSV" failures="0" tests="6" name="carrentaltests.Pr02NavigationBarCheckWithPOM" time="13.927" errors="0" timestamp="2023-03-08T23:47:41 IST" skipped="0">
  <testcase classname="carrentaltests.Pr02NavigationBarCheckWithPOM" name="checkNavigationBarLinks" time="2.120"/>
  <system-out/>
  <testcase classname="carrentaltests.Pr02NavigationBarCheckWithPOM" name="searchMaruthi" time="2.186"/>
  <system-out/>
  <testcase classname="carrentaltests.Pr02NavigationBarCheckWithPOM" name="searchToyota" time="2.100"/>
  <system-out/>
  <testcase classname="carrentaltests.Pr02NavigationBarCheckWithPOM" name="searchAudi" time="2.345"/>
  <system-out/>
  <testcase classname="carrentaltests.Pr02NavigationBarCheckWithPOM" name="searchNissan" time="2.772"/>
  <system-out/>
  <testcase classname="carrentaltests.Pr02NavigationBarCheckWithPOM" name="searchBMW" time="2.404"/>
  <system-out/>
</testsuite> <!-- carrentaltests.Pr02NavigationBarCheckWithPOM -->
