<?xml version="1.0" encoding="UTF-8"?>
<!-- Generated by org.testng.reporters.JUnitReportReporter -->
<testsuite hostname="DESKTOP-JJ8PCSV" failures="0" tests="5" name="carrentaltests.Pr01VerifyPages" time="9.777" errors="0" timestamp="2023-03-08T23:51:39 IST" skipped="0">
  <testcase classname="carrentaltests.Pr01VerifyPages" name="verifyFAQsPage" time="1.997"/>
  <system-out/>
  <testcase classname="carrentaltests.Pr01VerifyPages" name="verifyHomePage" time="1.752"/>
  <system-out/>
  <testcase classname="carrentaltests.Pr01VerifyPages" name="verifyContactUsPage" time="1.998"/>
  <system-out/>
  <testcase classname="carrentaltests.Pr01VerifyPages" name="verifyAboutUsPage" time="2.050"/>
  <system-out/>
  <testcase classname="carrentaltests.Pr01VerifyPages" name="verifyCarListingPage" time="1.980"/>
  <system-out/>
</testsuite> <!-- carrentaltests.Pr01VerifyPages -->
