<?xml version="1.0" encoding="UTF-8"?>
<!-- Generated by org.testng.reporters.JUnitReportReporter -->
<testsuite hostname="DESKTOP-JJ8PCSV" failures="0" tests="4" name="carrentaltests.Pr03Login" time="12.443" errors="0" timestamp="2023-03-08T23:51:39 IST" skipped="0">
  <testcase classname="carrentaltests.Pr03Login" name="loginUser1" time="3.884"/>
  <system-out/>
  <testcase classname="carrentaltests.Pr03Login" name="loginUser3" time="2.755"/>
  <system-out/>
  <testcase classname="carrentaltests.Pr03Login" name="loginUser4" time="2.838"/>
  <system-out/>
  <testcase classname="carrentaltests.Pr03Login" name="loginUser2" time="2.966"/>
  <system-out/>
</testsuite> <!-- carrentaltests.Pr03Login -->
